<?xml version="1.0" encoding="UTF-8"?>
<!-- Generated by org.testng.reporters.JUnitReportReporter -->
<testsuite hostname="usnycpww9833.global.publicisgroupe.net" name="com.testng.tests.TestAnnotations1" tests="3" failures="0" timestamp="29 Oct 2015 13:07:54 GMT" time="21.652" errors="0">
  <testcase name="test1" time="8.181" classname="com.testng.tests.TestAnnotations1"/>
  <testcase name="test4" time="5.221" classname="com.testng.tests.TestAnnotations1"/>
  <testcase name="test2" time="8.250" classname="com.testng.tests.TestAnnotations1"/>
</testsuite> <!-- com.testng.tests.TestAnnotations1 -->
