<?xml version="1.0" encoding="UTF-8"?>
<!-- Generated by org.testng.reporters.JUnitReportReporter -->
<testsuite hostname="usnycpww9833.global.publicisgroupe.net" name="com.testng.tests.TestAnnotations2" tests="1" failures="0" timestamp="29 Oct 2015 13:07:54 GMT" time="0.005" errors="0">
  <testcase name="test3" time="0.005" classname="com.testng.tests.TestAnnotations2"/>
</testsuite> <!-- com.testng.tests.TestAnnotations2 -->
